<?xml version="1.0" encoding="UTF-8"?>
<testsuite xmlns:xsi="http://www.w3.org/2001/XMLSchema-instance" xsi:noNamespaceSchemaLocation="https://maven.apache.org/surefire/maven-surefire-plugin/xsd/surefire-test-report.xsd" name="com.zyc.myblog.MyblogApplicationTests" time="17.713" tests="1" errors="0" skipped="0" failures="0">
  <properties>
    <property name="sun.desktop" value="windows"/>
    <property name="awt.toolkit" value="sun.awt.windows.WToolkit"/>
    <property name="java.specification.version" value="11"/>
    <property name="sun.cpu.isalist" value="amd64"/>
    <property name="sun.jnu.encoding" value="GBK"/>
    <property name="java.class.path" value="E:\MyBlogProject\target\test-classes;E:\MyBlogProject\target\classes;E:\ITResource\apache-maven-3.6.3\package\org\springframework\boot\spring-boot-starter-aop\2.1.13.RELEASE\spring-boot-starter-aop-2.1.13.RELEASE.jar;E:\ITResource\apache-maven-3.6.3\package\org\springframework\boot\spring-boot-starter\2.1.13.RELEASE\spring-boot-starter-2.1.13.RELEASE.jar;E:\ITResource\apache-maven-3.6.3\package\org\springframework\boot\spring-boot-starter-logging\2.1.13.RELEASE\spring-boot-starter-logging-2.1.13.RELEASE.jar;E:\ITResource\apache-maven-3.6.3\package\ch\qos\logback\logback-classic\1.2.3\logback-classic-1.2.3.jar;E:\ITResource\apache-maven-3.6.3\package\ch\qos\logback\logback-core\1.2.3\logback-core-1.2.3.jar;E:\ITResource\apache-maven-3.6.3\package\org\apache\logging\log4j\log4j-to-slf4j\2.11.2\log4j-to-slf4j-2.11.2.jar;E:\ITResource\apache-maven-3.6.3\package\org\apache\logging\log4j\log4j-api\2.11.2\log4j-api-2.11.2.jar;E:\ITResource\apache-maven-3.6.3\package\org\slf4j\jul-to-slf4j\1.7.30\jul-to-slf4j-1.7.30.jar;E:\ITResource\apache-maven-3.6.3\package\javax\annotation\javax.annotation-api\1.3.2\javax.annotation-api-1.3.2.jar;E:\ITResource\apache-maven-3.6.3\package\org\yaml\snakeyaml\1.23\snakeyaml-1.23.jar;E:\ITResource\apache-maven-3.6.3\package\org\springframework\spring-aop\5.1.14.RELEASE\spring-aop-5.1.14.RELEASE.jar;E:\ITResource\apache-maven-3.6.3\package\org\springframework\spring-beans\5.1.14.RELEASE\spring-beans-5.1.14.RELEASE.jar;E:\ITResource\apache-maven-3.6.3\package\org\aspectj\aspectjweaver\1.9.5\aspectjweaver-1.9.5.jar;E:\ITResource\apache-maven-3.6.3\package\org\springframework\boot\spring-boot-starter-data-jpa\2.1.13.RELEASE\spring-boot-starter-data-jpa-2.1.13.RELEASE.jar;E:\ITResource\apache-maven-3.6.3\package\org\springframework\boot\spring-boot-starter-jdbc\2.1.13.RELEASE\spring-boot-starter-jdbc-2.1.13.RELEASE.jar;E:\ITResource\apache-maven-3.6.3\package\com\zaxxer\HikariCP\3.2.0\HikariCP-3.2.0.jar;E:\ITResource\apache-maven-3.6.3\package\org\springframework\spring-jdbc\5.1.14.RELEASE\spring-jdbc-5.1.14.RELEASE.jar;E:\ITResource\apache-maven-3.6.3\package\javax\transaction\javax.transaction-api\1.3\javax.transaction-api-1.3.jar;E:\ITResource\apache-maven-3.6.3\package\javax\xml\bind\jaxb-api\2.3.1\jaxb-api-2.3.1.jar;E:\ITResource\apache-maven-3.6.3\package\javax\activation\javax.activation-api\1.2.0\javax.activation-api-1.2.0.jar;E:\ITResource\apache-maven-3.6.3\package\org\hibernate\hibernate-core\5.3.15.Final\hibernate-core-5.3.15.Final.jar;E:\ITResource\apache-maven-3.6.3\package\org\jboss\logging\jboss-logging\3.3.3.Final\jboss-logging-3.3.3.Final.jar;E:\ITResource\apache-maven-3.6.3\package\javax\persistence\javax.persistence-api\2.2\javax.persistence-api-2.2.jar;E:\ITResource\apache-maven-3.6.3\package\org\javassist\javassist\3.23.2-GA\javassist-3.23.2-GA.jar;E:\ITResource\apache-maven-3.6.3\package\net\bytebuddy\byte-buddy\1.9.16\byte-buddy-1.9.16.jar;E:\ITResource\apache-maven-3.6.3\package\antlr\antlr\2.7.7\antlr-2.7.7.jar;E:\ITResource\apache-maven-3.6.3\package\org\jboss\jandex\2.0.5.Final\jandex-2.0.5.Final.jar;E:\ITResource\apache-maven-3.6.3\package\com\fasterxml\classmate\1.4.0\classmate-1.4.0.jar;E:\ITResource\apache-maven-3.6.3\package\org\dom4j\dom4j\2.1.1\dom4j-2.1.1.jar;E:\ITResource\apache-maven-3.6.3\package\org\hibernate\common\hibernate-commons-annotations\5.0.4.Final\hibernate-commons-annotations-5.0.4.Final.jar;E:\ITResource\apache-maven-3.6.3\package\org\glassfish\jaxb\jaxb-runtime\2.3.1\jaxb-runtime-2.3.1.jar;E:\ITResource\apache-maven-3.6.3\package\org\glassfish\jaxb\txw2\2.3.1\txw2-2.3.1.jar;E:\ITResource\apache-maven-3.6.3\package\com\sun\istack\istack-commons-runtime\3.0.7\istack-commons-runtime-3.0.7.jar;E:\ITResource\apache-maven-3.6.3\package\org\jvnet\staxex\stax-ex\1.8\stax-ex-1.8.jar;E:\ITResource\apache-maven-3.6.3\package\com\sun\xml\fastinfoset\FastInfoset\1.2.15\FastInfoset-1.2.15.jar;E:\ITResource\apache-maven-3.6.3\package\org\springframework\data\spring-data-jpa\2.1.16.RELEASE\spring-data-jpa-2.1.16.RELEASE.jar;E:\ITResource\apache-maven-3.6.3\package\org\springframework\data\spring-data-commons\2.1.16.RELEASE\spring-data-commons-2.1.16.RELEASE.jar;E:\ITResource\apache-maven-3.6.3\package\org\springframework\spring-orm\5.1.14.RELEASE\spring-orm-5.1.14.RELEASE.jar;E:\ITResource\apache-maven-3.6.3\package\org\springframework\spring-context\5.1.14.RELEASE\spring-context-5.1.14.RELEASE.jar;E:\ITResource\apache-maven-3.6.3\package\org\springframework\spring-tx\5.1.14.RELEASE\spring-tx-5.1.14.RELEASE.jar;E:\ITResource\apache-maven-3.6.3\package\org\slf4j\slf4j-api\1.7.30\slf4j-api-1.7.30.jar;E:\ITResource\apache-maven-3.6.3\package\org\springframework\spring-aspects\5.1.14.RELEASE\spring-aspects-5.1.14.RELEASE.jar;E:\ITResource\apache-maven-3.6.3\package\org\springframework\boot\spring-boot-starter-thymeleaf\2.1.1.RELEASE\spring-boot-starter-thymeleaf-2.1.1.RELEASE.jar;E:\ITResource\apache-maven-3.6.3\package\org\thymeleaf\thymeleaf-spring5\3.0.11.RELEASE\thymeleaf-spring5-3.0.11.RELEASE.jar;E:\ITResource\apache-maven-3.6.3\package\org\thymeleaf\thymeleaf\3.0.11.RELEASE\thymeleaf-3.0.11.RELEASE.jar;E:\ITResource\apache-maven-3.6.3\package\org\attoparser\attoparser\2.0.5.RELEASE\attoparser-2.0.5.RELEASE.jar;E:\ITResource\apache-maven-3.6.3\package\org\unbescape\unbescape\1.1.6.RELEASE\unbescape-1.1.6.RELEASE.jar;E:\ITResource\apache-maven-3.6.3\package\org\thymeleaf\extras\thymeleaf-extras-java8time\3.0.4.RELEASE\thymeleaf-extras-java8time-3.0.4.RELEASE.jar;E:\ITResource\apache-maven-3.6.3\package\org\springframework\boot\spring-boot-starter-web\2.1.13.RELEASE\spring-boot-starter-web-2.1.13.RELEASE.jar;E:\ITResource\apache-maven-3.6.3\package\org\springframework\boot\spring-boot-starter-json\2.1.13.RELEASE\spring-boot-starter-json-2.1.13.RELEASE.jar;E:\ITResource\apache-maven-3.6.3\package\com\fasterxml\jackson\core\jackson-databind\2.9.10.3\jackson-databind-2.9.10.3.jar;E:\ITResource\apache-maven-3.6.3\package\com\fasterxml\jackson\core\jackson-annotations\2.9.10\jackson-annotations-2.9.10.jar;E:\ITResource\apache-maven-3.6.3\package\com\fasterxml\jackson\core\jackson-core\2.9.10\jackson-core-2.9.10.jar;E:\ITResource\apache-maven-3.6.3\package\com\fasterxml\jackson\datatype\jackson-datatype-jdk8\2.9.10\jackson-datatype-jdk8-2.9.10.jar;E:\ITResource\apache-maven-3.6.3\package\com\fasterxml\jackson\datatype\jackson-datatype-jsr310\2.9.10\jackson-datatype-jsr310-2.9.10.jar;E:\ITResource\apache-maven-3.6.3\package\com\fasterxml\jackson\module\jackson-module-parameter-names\2.9.10\jackson-module-parameter-names-2.9.10.jar;E:\ITResource\apache-maven-3.6.3\package\org\springframework\boot\spring-boot-starter-tomcat\2.1.13.RELEASE\spring-boot-starter-tomcat-2.1.13.RELEASE.jar;E:\ITResource\apache-maven-3.6.3\package\org\apache\tomcat\embed\tomcat-embed-core\9.0.31\tomcat-embed-core-9.0.31.jar;E:\ITResource\apache-maven-3.6.3\package\org\apache\tomcat\embed\tomcat-embed-el\9.0.31\tomcat-embed-el-9.0.31.jar;E:\ITResource\apache-maven-3.6.3\package\org\apache\tomcat\embed\tomcat-embed-websocket\9.0.31\tomcat-embed-websocket-9.0.31.jar;E:\ITResource\apache-maven-3.6.3\package\org\hibernate\validator\hibernate-validator\6.0.18.Final\hibernate-validator-6.0.18.Final.jar;E:\ITResource\apache-maven-3.6.3\package\javax\validation\validation-api\2.0.1.Final\validation-api-2.0.1.Final.jar;E:\ITResource\apache-maven-3.6.3\package\org\springframework\spring-web\5.1.14.RELEASE\spring-web-5.1.14.RELEASE.jar;E:\ITResource\apache-maven-3.6.3\package\org\springframework\spring-webmvc\5.1.14.RELEASE\spring-webmvc-5.1.14.RELEASE.jar;E:\ITResource\apache-maven-3.6.3\package\org\springframework\spring-expression\5.1.14.RELEASE\spring-expression-5.1.14.RELEASE.jar;E:\ITResource\apache-maven-3.6.3\package\org\springframework\boot\spring-boot-devtools\2.1.13.RELEASE\spring-boot-devtools-2.1.13.RELEASE.jar;E:\ITResource\apache-maven-3.6.3\package\org\springframework\boot\spring-boot\2.1.13.RELEASE\spring-boot-2.1.13.RELEASE.jar;E:\ITResource\apache-maven-3.6.3\package\org\springframework\boot\spring-boot-autoconfigure\2.1.13.RELEASE\spring-boot-autoconfigure-2.1.13.RELEASE.jar;E:\ITResource\apache-maven-3.6.3\package\mysql\mysql-connector-java\8.0.19\mysql-connector-java-8.0.19.jar;E:\ITResource\apache-maven-3.6.3\package\javax\servlet\javax.servlet-api\4.0.1\javax.servlet-api-4.0.1.jar;E:\ITResource\apache-maven-3.6.3\package\org\springframework\boot\spring-boot-starter-test\2.1.13.RELEASE\spring-boot-starter-test-2.1.13.RELEASE.jar;E:\ITResource\apache-maven-3.6.3\package\org\springframework\boot\spring-boot-test\2.1.13.RELEASE\spring-boot-test-2.1.13.RELEASE.jar;E:\ITResource\apache-maven-3.6.3\package\org\springframework\boot\spring-boot-test-autoconfigure\2.1.13.RELEASE\spring-boot-test-autoconfigure-2.1.13.RELEASE.jar;E:\ITResource\apache-maven-3.6.3\package\com\jayway\jsonpath\json-path\2.4.0\json-path-2.4.0.jar;E:\ITResource\apache-maven-3.6.3\package\net\minidev\json-smart\2.3\json-smart-2.3.jar;E:\ITResource\apache-maven-3.6.3\package\net\minidev\accessors-smart\1.2\accessors-smart-1.2.jar;E:\ITResource\apache-maven-3.6.3\package\org\ow2\asm\asm\5.0.4\asm-5.0.4.jar;E:\ITResource\apache-maven-3.6.3\package\junit\junit\4.12\junit-4.12.jar;E:\ITResource\apache-maven-3.6.3\package\org\assertj\assertj-core\3.11.1\assertj-core-3.11.1.jar;E:\ITResource\apache-maven-3.6.3\package\org\mockito\mockito-core\2.23.4\mockito-core-2.23.4.jar;E:\ITResource\apache-maven-3.6.3\package\net\bytebuddy\byte-buddy-agent\1.9.16\byte-buddy-agent-1.9.16.jar;E:\ITResource\apache-maven-3.6.3\package\org\objenesis\objenesis\2.6\objenesis-2.6.jar;E:\ITResource\apache-maven-3.6.3\package\org\hamcrest\hamcrest-core\1.3\hamcrest-core-1.3.jar;E:\ITResource\apache-maven-3.6.3\package\org\hamcrest\hamcrest-library\1.3\hamcrest-library-1.3.jar;E:\ITResource\apache-maven-3.6.3\package\org\skyscreamer\jsonassert\1.5.0\jsonassert-1.5.0.jar;E:\ITResource\apache-maven-3.6.3\package\com\vaadin\external\google\android-json\0.0.20131108.vaadin1\android-json-0.0.20131108.vaadin1.jar;E:\ITResource\apache-maven-3.6.3\package\org\springframework\spring-core\5.1.14.RELEASE\spring-core-5.1.14.RELEASE.jar;E:\ITResource\apache-maven-3.6.3\package\org\springframework\spring-jcl\5.1.14.RELEASE\spring-jcl-5.1.14.RELEASE.jar;E:\ITResource\apache-maven-3.6.3\package\org\springframework\spring-test\5.1.14.RELEASE\spring-test-5.1.14.RELEASE.jar;E:\ITResource\apache-maven-3.6.3\package\org\xmlunit\xmlunit-core\2.6.3\xmlunit-core-2.6.3.jar;E:\ITResource\apache-maven-3.6.3\package\org\mybatis\mybatis\3.5.4\mybatis-3.5.4.jar;E:\ITResource\apache-maven-3.6.3\package\org\mybatis\spring\boot\mybatis-spring-boot-starter\2.1.2\mybatis-spring-boot-starter-2.1.2.jar;E:\ITResource\apache-maven-3.6.3\package\org\mybatis\spring\boot\mybatis-spring-boot-autoconfigure\2.1.2\mybatis-spring-boot-autoconfigure-2.1.2.jar;E:\ITResource\apache-maven-3.6.3\package\org\mybatis\mybatis-spring\2.0.4\mybatis-spring-2.0.4.jar;E:\ITResource\apache-maven-3.6.3\package\com\atlassian\commonmark\commonmark\0.10.0\commonmark-0.10.0.jar;E:\ITResource\apache-maven-3.6.3\package\com\atlassian\commonmark\commonmark-ext-heading-anchor\0.10.0\commonmark-ext-heading-anchor-0.10.0.jar;E:\ITResource\apache-maven-3.6.3\package\com\atlassian\commonmark\commonmark-ext-gfm-tables\0.10.0\commonmark-ext-gfm-tables-0.10.0.jar;E:\ITResource\apache-maven-3.6.3\package\com\alibaba\fastjson\1.2.47\fastjson-1.2.47.jar;E:\ITResource\apache-maven-3.6.3\package\commons-io\commons-io\2.4\commons-io-2.4.jar;E:\ITResource\apache-maven-3.6.3\package\commons-lang\commons-lang\2.6\commons-lang-2.6.jar;E:\ITResource\apache-maven-3.6.3\package\org\jetbrains\annotations\19.0.0\annotations-19.0.0.jar;"/>
    <property name="java.vm.vendor" value="JetBrains s.r.o"/>
    <property name="sun.arch.data.model" value="64"/>
    <property name="user.variant" value=""/>
    <property name="java.vendor.url" value="https://www.jetbrains.com/"/>
    <property name="user.timezone" value="Asia/Shanghai"/>
    <property name="java.vm.specification.version" value="11"/>
    <property name="os.name" value="Windows 10"/>
    <property name="sun.java.launcher" value="SUN_STANDARD"/>
    <property name="user.country" value="CN"/>
    <property name="sun.boot.library.path" value="C:\mySoftWare\IntelliJ IDEA 2019.3.3\jbr\bin"/>
    <property name="sun.java.command" value="C:\Users\ADMINI~1\AppData\Local\Temp\surefire6792167398828391344\surefirebooter7961294424988028305.jar C:\Users\Administrator\AppData\Local\Temp\surefire6792167398828391344 2020-07-26T03-55-22_564-jvmRun1 surefire8059057002551300236tmp surefire_01907733440869871017tmp"/>
    <property name="jdk.debug" value="release"/>
    <property name="surefire.test.class.path" value="E:\MyBlogProject\target\test-classes;E:\MyBlogProject\target\classes;E:\ITResource\apache-maven-3.6.3\package\org\springframework\boot\spring-boot-starter-aop\2.1.13.RELEASE\spring-boot-starter-aop-2.1.13.RELEASE.jar;E:\ITResource\apache-maven-3.6.3\package\org\springframework\boot\spring-boot-starter\2.1.13.RELEASE\spring-boot-starter-2.1.13.RELEASE.jar;E:\ITResource\apache-maven-3.6.3\package\org\springframework\boot\spring-boot-starter-logging\2.1.13.RELEASE\spring-boot-starter-logging-2.1.13.RELEASE.jar;E:\ITResource\apache-maven-3.6.3\package\ch\qos\logback\logback-classic\1.2.3\logback-classic-1.2.3.jar;E:\ITResource\apache-maven-3.6.3\package\ch\qos\logback\logback-core\1.2.3\logback-core-1.2.3.jar;E:\ITResource\apache-maven-3.6.3\package\org\apache\logging\log4j\log4j-to-slf4j\2.11.2\log4j-to-slf4j-2.11.2.jar;E:\ITResource\apache-maven-3.6.3\package\org\apache\logging\log4j\log4j-api\2.11.2\log4j-api-2.11.2.jar;E:\ITResource\apache-maven-3.6.3\package\org\slf4j\jul-to-slf4j\1.7.30\jul-to-slf4j-1.7.30.jar;E:\ITResource\apache-maven-3.6.3\package\javax\annotation\javax.annotation-api\1.3.2\javax.annotation-api-1.3.2.jar;E:\ITResource\apache-maven-3.6.3\package\org\yaml\snakeyaml\1.23\snakeyaml-1.23.jar;E:\ITResource\apache-maven-3.6.3\package\org\springframework\spring-aop\5.1.14.RELEASE\spring-aop-5.1.14.RELEASE.jar;E:\ITResource\apache-maven-3.6.3\package\org\springframework\spring-beans\5.1.14.RELEASE\spring-beans-5.1.14.RELEASE.jar;E:\ITResource\apache-maven-3.6.3\package\org\aspectj\aspectjweaver\1.9.5\aspectjweaver-1.9.5.jar;E:\ITResource\apache-maven-3.6.3\package\org\springframework\boot\spring-boot-starter-data-jpa\2.1.13.RELEASE\spring-boot-starter-data-jpa-2.1.13.RELEASE.jar;E:\ITResource\apache-maven-3.6.3\package\org\springframework\boot\spring-boot-starter-jdbc\2.1.13.RELEASE\spring-boot-starter-jdbc-2.1.13.RELEASE.jar;E:\ITResource\apache-maven-3.6.3\package\com\zaxxer\HikariCP\3.2.0\HikariCP-3.2.0.jar;E:\ITResource\apache-maven-3.6.3\package\org\springframework\spring-jdbc\5.1.14.RELEASE\spring-jdbc-5.1.14.RELEASE.jar;E:\ITResource\apache-maven-3.6.3\package\javax\transaction\javax.transaction-api\1.3\javax.transaction-api-1.3.jar;E:\ITResource\apache-maven-3.6.3\package\javax\xml\bind\jaxb-api\2.3.1\jaxb-api-2.3.1.jar;E:\ITResource\apache-maven-3.6.3\package\javax\activation\javax.activation-api\1.2.0\javax.activation-api-1.2.0.jar;E:\ITResource\apache-maven-3.6.3\package\org\hibernate\hibernate-core\5.3.15.Final\hibernate-core-5.3.15.Final.jar;E:\ITResource\apache-maven-3.6.3\package\org\jboss\logging\jboss-logging\3.3.3.Final\jboss-logging-3.3.3.Final.jar;E:\ITResource\apache-maven-3.6.3\package\javax\persistence\javax.persistence-api\2.2\javax.persistence-api-2.2.jar;E:\ITResource\apache-maven-3.6.3\package\org\javassist\javassist\3.23.2-GA\javassist-3.23.2-GA.jar;E:\ITResource\apache-maven-3.6.3\package\net\bytebuddy\byte-buddy\1.9.16\byte-buddy-1.9.16.jar;E:\ITResource\apache-maven-3.6.3\package\antlr\antlr\2.7.7\antlr-2.7.7.jar;E:\ITResource\apache-maven-3.6.3\package\org\jboss\jandex\2.0.5.Final\jandex-2.0.5.Final.jar;E:\ITResource\apache-maven-3.6.3\package\com\fasterxml\classmate\1.4.0\classmate-1.4.0.jar;E:\ITResource\apache-maven-3.6.3\package\org\dom4j\dom4j\2.1.1\dom4j-2.1.1.jar;E:\ITResource\apache-maven-3.6.3\package\org\hibernate\common\hibernate-commons-annotations\5.0.4.Final\hibernate-commons-annotations-5.0.4.Final.jar;E:\ITResource\apache-maven-3.6.3\package\org\glassfish\jaxb\jaxb-runtime\2.3.1\jaxb-runtime-2.3.1.jar;E:\ITResource\apache-maven-3.6.3\package\org\glassfish\jaxb\txw2\2.3.1\txw2-2.3.1.jar;E:\ITResource\apache-maven-3.6.3\package\com\sun\istack\istack-commons-runtime\3.0.7\istack-commons-runtime-3.0.7.jar;E:\ITResource\apache-maven-3.6.3\package\org\jvnet\staxex\stax-ex\1.8\stax-ex-1.8.jar;E:\ITResource\apache-maven-3.6.3\package\com\sun\xml\fastinfoset\FastInfoset\1.2.15\FastInfoset-1.2.15.jar;E:\ITResource\apache-maven-3.6.3\package\org\springframework\data\spring-data-jpa\2.1.16.RELEASE\spring-data-jpa-2.1.16.RELEASE.jar;E:\ITResource\apache-maven-3.6.3\package\org\springframework\data\spring-data-commons\2.1.16.RELEASE\spring-data-commons-2.1.16.RELEASE.jar;E:\ITResource\apache-maven-3.6.3\package\org\springframework\spring-orm\5.1.14.RELEASE\spring-orm-5.1.14.RELEASE.jar;E:\ITResource\apache-maven-3.6.3\package\org\springframework\spring-context\5.1.14.RELEASE\spring-context-5.1.14.RELEASE.jar;E:\ITResource\apache-maven-3.6.3\package\org\springframework\spring-tx\5.1.14.RELEASE\spring-tx-5.1.14.RELEASE.jar;E:\ITResource\apache-maven-3.6.3\package\org\slf4j\slf4j-api\1.7.30\slf4j-api-1.7.30.jar;E:\ITResource\apache-maven-3.6.3\package\org\springframework\spring-aspects\5.1.14.RELEASE\spring-aspects-5.1.14.RELEASE.jar;E:\ITResource\apache-maven-3.6.3\package\org\springframework\boot\spring-boot-starter-thymeleaf\2.1.1.RELEASE\spring-boot-starter-thymeleaf-2.1.1.RELEASE.jar;E:\ITResource\apache-maven-3.6.3\package\org\thymeleaf\thymeleaf-spring5\3.0.11.RELEASE\thymeleaf-spring5-3.0.11.RELEASE.jar;E:\ITResource\apache-maven-3.6.3\package\org\thymeleaf\thymeleaf\3.0.11.RELEASE\thymeleaf-3.0.11.RELEASE.jar;E:\ITResource\apache-maven-3.6.3\package\org\attoparser\attoparser\2.0.5.RELEASE\attoparser-2.0.5.RELEASE.jar;E:\ITResource\apache-maven-3.6.3\package\org\unbescape\unbescape\1.1.6.RELEASE\unbescape-1.1.6.RELEASE.jar;E:\ITResource\apache-maven-3.6.3\package\org\thymeleaf\extras\thymeleaf-extras-java8time\3.0.4.RELEASE\thymeleaf-extras-java8time-3.0.4.RELEASE.jar;E:\ITResource\apache-maven-3.6.3\package\org\springframework\boot\spring-boot-starter-web\2.1.13.RELEASE\spring-boot-starter-web-2.1.13.RELEASE.jar;E:\ITResource\apache-maven-3.6.3\package\org\springframework\boot\spring-boot-starter-json\2.1.13.RELEASE\spring-boot-starter-json-2.1.13.RELEASE.jar;E:\ITResource\apache-maven-3.6.3\package\com\fasterxml\jackson\core\jackson-databind\2.9.10.3\jackson-databind-2.9.10.3.jar;E:\ITResource\apache-maven-3.6.3\package\com\fasterxml\jackson\core\jackson-annotations\2.9.10\jackson-annotations-2.9.10.jar;E:\ITResource\apache-maven-3.6.3\package\com\fasterxml\jackson\core\jackson-core\2.9.10\jackson-core-2.9.10.jar;E:\ITResource\apache-maven-3.6.3\package\com\fasterxml\jackson\datatype\jackson-datatype-jdk8\2.9.10\jackson-datatype-jdk8-2.9.10.jar;E:\ITResource\apache-maven-3.6.3\package\com\fasterxml\jackson\datatype\jackson-datatype-jsr310\2.9.10\jackson-datatype-jsr310-2.9.10.jar;E:\ITResource\apache-maven-3.6.3\package\com\fasterxml\jackson\module\jackson-module-parameter-names\2.9.10\jackson-module-parameter-names-2.9.10.jar;E:\ITResource\apache-maven-3.6.3\package\org\springframework\boot\spring-boot-starter-tomcat\2.1.13.RELEASE\spring-boot-starter-tomcat-2.1.13.RELEASE.jar;E:\ITResource\apache-maven-3.6.3\package\org\apache\tomcat\embed\tomcat-embed-core\9.0.31\tomcat-embed-core-9.0.31.jar;E:\ITResource\apache-maven-3.6.3\package\org\apache\tomcat\embed\tomcat-embed-el\9.0.31\tomcat-embed-el-9.0.31.jar;E:\ITResource\apache-maven-3.6.3\package\org\apache\tomcat\embed\tomcat-embed-websocket\9.0.31\tomcat-embed-websocket-9.0.31.jar;E:\ITResource\apache-maven-3.6.3\package\org\hibernate\validator\hibernate-validator\6.0.18.Final\hibernate-validator-6.0.18.Final.jar;E:\ITResource\apache-maven-3.6.3\package\javax\validation\validation-api\2.0.1.Final\validation-api-2.0.1.Final.jar;E:\ITResource\apache-maven-3.6.3\package\org\springframework\spring-web\5.1.14.RELEASE\spring-web-5.1.14.RELEASE.jar;E:\ITResource\apache-maven-3.6.3\package\org\springframework\spring-webmvc\5.1.14.RELEASE\spring-webmvc-5.1.14.RELEASE.jar;E:\ITResource\apache-maven-3.6.3\package\org\springframework\spring-expression\5.1.14.RELEASE\spring-expression-5.1.14.RELEASE.jar;E:\ITResource\apache-maven-3.6.3\package\org\springframework\boot\spring-boot-devtools\2.1.13.RELEASE\spring-boot-devtools-2.1.13.RELEASE.jar;E:\ITResource\apache-maven-3.6.3\package\org\springframework\boot\spring-boot\2.1.13.RELEASE\spring-boot-2.1.13.RELEASE.jar;E:\ITResource\apache-maven-3.6.3\package\org\springframework\boot\spring-boot-autoconfigure\2.1.13.RELEASE\spring-boot-autoconfigure-2.1.13.RELEASE.jar;E:\ITResource\apache-maven-3.6.3\package\mysql\mysql-connector-java\8.0.19\mysql-connector-java-8.0.19.jar;E:\ITResource\apache-maven-3.6.3\package\javax\servlet\javax.servlet-api\4.0.1\javax.servlet-api-4.0.1.jar;E:\ITResource\apache-maven-3.6.3\package\org\springframework\boot\spring-boot-starter-test\2.1.13.RELEASE\spring-boot-starter-test-2.1.13.RELEASE.jar;E:\ITResource\apache-maven-3.6.3\package\org\springframework\boot\spring-boot-test\2.1.13.RELEASE\spring-boot-test-2.1.13.RELEASE.jar;E:\ITResource\apache-maven-3.6.3\package\org\springframework\boot\spring-boot-test-autoconfigure\2.1.13.RELEASE\spring-boot-test-autoconfigure-2.1.13.RELEASE.jar;E:\ITResource\apache-maven-3.6.3\package\com\jayway\jsonpath\json-path\2.4.0\json-path-2.4.0.jar;E:\ITResource\apache-maven-3.6.3\package\net\minidev\json-smart\2.3\json-smart-2.3.jar;E:\ITResource\apache-maven-3.6.3\package\net\minidev\accessors-smart\1.2\accessors-smart-1.2.jar;E:\ITResource\apache-maven-3.6.3\package\org\ow2\asm\asm\5.0.4\asm-5.0.4.jar;E:\ITResource\apache-maven-3.6.3\package\junit\junit\4.12\junit-4.12.jar;E:\ITResource\apache-maven-3.6.3\package\org\assertj\assertj-core\3.11.1\assertj-core-3.11.1.jar;E:\ITResource\apache-maven-3.6.3\package\org\mockito\mockito-core\2.23.4\mockito-core-2.23.4.jar;E:\ITResource\apache-maven-3.6.3\package\net\bytebuddy\byte-buddy-agent\1.9.16\byte-buddy-agent-1.9.16.jar;E:\ITResource\apache-maven-3.6.3\package\org\objenesis\objenesis\2.6\objenesis-2.6.jar;E:\ITResource\apache-maven-3.6.3\package\org\hamcrest\hamcrest-core\1.3\hamcrest-core-1.3.jar;E:\ITResource\apache-maven-3.6.3\package\org\hamcrest\hamcrest-library\1.3\hamcrest-library-1.3.jar;E:\ITResource\apache-maven-3.6.3\package\org\skyscreamer\jsonassert\1.5.0\jsonassert-1.5.0.jar;E:\ITResource\apache-maven-3.6.3\package\com\vaadin\external\google\android-json\0.0.20131108.vaadin1\android-json-0.0.20131108.vaadin1.jar;E:\ITResource\apache-maven-3.6.3\package\org\springframework\spring-core\5.1.14.RELEASE\spring-core-5.1.14.RELEASE.jar;E:\ITResource\apache-maven-3.6.3\package\org\springframework\spring-jcl\5.1.14.RELEASE\spring-jcl-5.1.14.RELEASE.jar;E:\ITResource\apache-maven-3.6.3\package\org\springframework\spring-test\5.1.14.RELEASE\spring-test-5.1.14.RELEASE.jar;E:\ITResource\apache-maven-3.6.3\package\org\xmlunit\xmlunit-core\2.6.3\xmlunit-core-2.6.3.jar;E:\ITResource\apache-maven-3.6.3\package\org\mybatis\mybatis\3.5.4\mybatis-3.5.4.jar;E:\ITResource\apache-maven-3.6.3\package\org\mybatis\spring\boot\mybatis-spring-boot-starter\2.1.2\mybatis-spring-boot-starter-2.1.2.jar;E:\ITResource\apache-maven-3.6.3\package\org\mybatis\spring\boot\mybatis-spring-boot-autoconfigure\2.1.2\mybatis-spring-boot-autoconfigure-2.1.2.jar;E:\ITResource\apache-maven-3.6.3\package\org\mybatis\mybatis-spring\2.0.4\mybatis-spring-2.0.4.jar;E:\ITResource\apache-maven-3.6.3\package\com\atlassian\commonmark\commonmark\0.10.0\commonmark-0.10.0.jar;E:\ITResource\apache-maven-3.6.3\package\com\atlassian\commonmark\commonmark-ext-heading-anchor\0.10.0\commonmark-ext-heading-anchor-0.10.0.jar;E:\ITResource\apache-maven-3.6.3\package\com\atlassian\commonmark\commonmark-ext-gfm-tables\0.10.0\commonmark-ext-gfm-tables-0.10.0.jar;E:\ITResource\apache-maven-3.6.3\package\com\alibaba\fastjson\1.2.47\fastjson-1.2.47.jar;E:\ITResource\apache-maven-3.6.3\package\commons-io\commons-io\2.4\commons-io-2.4.jar;E:\ITResource\apache-maven-3.6.3\package\commons-lang\commons-lang\2.6\commons-lang-2.6.jar;E:\ITResource\apache-maven-3.6.3\package\org\jetbrains\annotations\19.0.0\annotations-19.0.0.jar;"/>
    <property name="sun.cpu.endian" value="little"/>
    <property name="user.home" value="C:\Users\Administrator"/>
    <property name="user.language" value="zh"/>
    <property name="java.specification.vendor" value="Oracle Corporation"/>
    <property name="java.version.date" value="2019-10-15"/>
    <property name="java.home" value="C:\mySoftWare\IntelliJ IDEA 2019.3.3\jbr"/>
    <property name="file.separator" value="\"/>
    <property name="basedir" value="E:\MyBlogProject"/>
    <property name="java.vm.compressedOopsMode" value="32-bit"/>
    <property name="line.separator" value="&#10;"/>
    <property name="java.specification.name" value="Java Platform API Specification"/>
    <property name="java.vm.specification.vendor" value="Oracle Corporation"/>
    <property name="java.awt.graphicsenv" value="sun.awt.Win32GraphicsEnvironment"/>
    <property name="surefire.real.class.path" value="C:\Users\ADMINI~1\AppData\Local\Temp\surefire6792167398828391344\surefirebooter7961294424988028305.jar"/>
    <property name="user.script" value=""/>
    <property name="sun.management.compiler" value="HotSpot 64-Bit Tiered Compilers"/>
    <property name="java.runtime.version" value="11.0.5+10-b520.38"/>
    <property name="user.name" value="Administrator"/>
    <property name="path.separator" value=";"/>
    <property name="os.version" value="10.0"/>
    <property name="java.runtime.name" value="OpenJDK Runtime Environment"/>
    <property name="file.encoding" value="GBK"/>
    <property name="java.vm.name" value="OpenJDK 64-Bit Server VM"/>
    <property name="localRepository" value="E:\ITResource\apache-maven-3.6.3\package"/>
    <property name="java.vendor.url.bug" value="https://youtrack.jetbrains.com"/>
    <property name="java.io.tmpdir" value="C:\Users\ADMINI~1\AppData\Local\Temp\"/>
    <property name="java.version" value="11.0.5"/>
    <property name="user.dir" value="E:\MyBlogProject"/>
    <property name="os.arch" value="amd64"/>
    <property name="java.vm.specification.name" value="Java Virtual Machine Specification"/>
    <property name="java.awt.printerjob" value="sun.awt.windows.WPrinterJob"/>
    <property name="sun.os.patch.level" value=""/>
    <property name="idea.version2019.3.3" value="true"/>
    <property name="java.library.path" value="C:\mySoftWare\IntelliJ IDEA 2019.3.3\jbr\bin;C:\WINDOWS\Sun\Java\bin;C:\WINDOWS\system32;C:\WINDOWS;C:\mySoftWare\Java\jdk-14.0.2\bin;C:\mySoftWare\Java\jdk-14.0.2\jre\bin;C:\Program Files\MySQL\MySQL Shell 8.0\bin\;C:\Users\Administrator\AppData\Local\Microsoft\WindowsApps;;."/>
    <property name="java.vendor" value="JetBrains s.r.o"/>
    <property name="java.vm.info" value="mixed mode, sharing"/>
    <property name="java.vm.version" value="11.0.5+10-b520.38"/>
    <property name="sun.io.unicode.encoding" value="UnicodeLittle"/>
    <property name="maven.repo.local" value="E:\ITResource\apache-maven-3.6.3\package"/>
    <property name="java.class.version" value="55.0"/>
  </properties>
  <testcase name="contextLoads" classname="com.zyc.myblog.MyblogApplicationTests" time="0.339"/>
</testsuite>